# Task Board Logs

## System Information

- **Obsidian version**: 1.11.7
- **Installer version**: 1.11.7
- **Operating system**: #37~24.04.1-Ubuntu SMP PREEMPT_DYNAMIC Thu Nov 20 10:25:38 UTC 2 6.14.0-37-generic
- **Use [[Wikilinks]]**: true
- **Base color scheme**: light
- **Community theme**: none
- **Snippets enabled**: 0
- **Plugins installed**: 8
- **Plugins enabled**: 
  - Dataview v0.5.68
  - BRAT v1.4.1
  - Full Calendar Remastered v0.12.6.2
  - Tasks v7.22.0
  - Kanban v2.0.51
  - Task Board v1.9.1

## Recent Bug Reports

Timestamp : 2026-02-07T17:28:24
ID : 131
Message : 
Context : TaskBoardViewContent.tsx/loading boards and tasks useEffect

#### Bug Content
```log
No need to worry about this bug, if its appearing on the fresh install.
Error: ENOENT: no such file or directory, open '/home/dashrs/obsidian/dashboard/.obsidian/plugins/task-board/tasks.json'
```
